app/proguard-rules.pro
# Keep Hilt generated classes
-keep class dagger.hilt.** { *; }
-keep class javax.inject.** { *; }

# Keep Room entities and DAO interfaces
-keep class androidx.room.** { *; }