app/build/outputs/mapping/release/seeds.txt
com.xaniihub.app.data.local.XaniiHubDatabase
com.xaniihub.app.XaniiHubApp_GeneratedInjector
com.xaniihub.app.MainActivity_GeneratedInjector
com.xaniihub.app.data.local.XaniiHubDatabase_Impl
com.xaniihub.app.tracking.StepTrackingService
com.xaniihub.app.tracking.InactivityWorker
com.xaniihub.app.widget.StepsWidgetProvider
com.xaniihub.app.receiver.BootReceiver
com.xaniihub.app.tracking.StepTrackingService_GeneratedInjector
com.xaniihub.app.tile.StepsTileService
com.xaniihub.app.XaniiHubApp
com.xaniihub.app.MainActivity
com.xaniihub.app.localization.AppLanguage: com.xaniihub.app.localization.AppLanguage valueOf(java.lang.String)
com.xaniihub.app.domain.model.GenderType: com.xaniihub.app.domain.model.GenderType[] values()
com.xaniihub.app.data.local.XaniiHubDatabase: XaniiHubDatabase()
com.xaniihub.app.MainActivity: MainActivity()
com.xaniihub.app.receiver.BootReceiver: BootReceiver()
com.xaniihub.app.tile.StepsTileService: StepsTileService()
com.xaniihub.app.domain.goals.GoalKind: com.xaniihub.app.domain.goals.GoalKind[] values()
com.xaniihub.app.domain.goals.GoalKind: com.xaniihub.app.domain.goals.GoalKind valueOf(java.lang.String)
com.xaniihub.app.localization.AppLanguage: com.xaniihub.app.localization.AppLanguage[] values()
com.xaniihub.app.domain.model.ActivityKind: com.xaniihub.app.domain.model.ActivityKind[] values()
com.xaniihub.app.domain.model.ChallengeMetric: com.xaniihub.app.domain.model.ChallengeMetric[] values()
com.xaniihub.app.tracking.StepTrackingService: StepTrackingService()
com.xaniihub.app.widget.StepsWidgetProvider: StepsWidgetProvider()
com.xaniihub.app.data.local.XaniiHubDatabase_Impl: XaniiHubDatabase_Impl()
com.xaniihub.app.domain.model.ChallengeMetric: com.xaniihub.app.domain.model.ChallengeMetric valueOf(java.lang.String)
com.xaniihub.app.domain.model.GenderType: com.xaniihub.app.domain.model.GenderType valueOf(java.lang.String)
com.xaniihub.app.XaniiHubApp: XaniiHubApp()
com.xaniihub.app.ui.theme.AppThemePalette: com.xaniihub.app.ui.theme.AppThemePalette valueOf(java.lang.String)
com.xaniihub.app.domain.model.ActivityKind: com.xaniihub.app.domain.model.ActivityKind valueOf(java.lang.String)
com.xaniihub.app.ui.theme.AppThemePalette: com.xaniihub.app.ui.theme.AppThemePalette[] values()
com.xaniihub.app.tracking.InactivityWorker: InactivityWorker(android.content.Context,androidx.work.WorkerParameters)
...
androidx.room.ForeignKey$Companion
androidx.room.RoomOpenHelper
androidx.room.RoomDatabase$Builder
dagger.hilt.android.migration.CustomInject
dagger.hilt.android.internal.lifecycle.HiltViewModelMap$KeySet
androidx.compose.ui.draw.PainterElement
androidx.room.AutoClosingRoomOpenHelper$AutoClosingSupportSQLiteDatabase$execSQL$1
androidx.room.MultiInstanceInvalidationService$binder$1
kotlinx.coroutines.android.AndroidDispatcherFactory
androidx.room.RoomDatabaseKt$startTransactionCoroutine$2$1
dagger.hilt.android.flags.FragmentGetContextFix
androidx.room.AutoClosingRoomOpenHelper$AutoClosingSupportSQLiteDatabase$pageSize$2
androidx.room.AutoClosingRoomOpenHelper
androidx.work.WorkerParameters
dagger.hilt.android.HiltAndroidApp
dagger.hilt.android.flags.HiltWrapper_FragmentGetContextFix_FragmentGetContextFixModule
androidx.room.SharedSQLiteStatement$stmt$2
androidx.versionedparcelable.CustomVersionedParcelable
androidx.room.RoomWarnings$Companion
dagger.hilt.android.EntryPointAccessors
androidx.room.Query
com.google.android.material.floatingactionbutton.FloatingActionButton$BaseBehavior
dagger.hilt.android.internal.managers.ViewComponentManager$ViewWithFragmentComponentBuilderEntryPoint
androidx.room.TransactionExecutor
androidx.room.InvalidationTracker$WeakObserver
com.google.android.material.snackbar.Snackbar$SnackbarLayout
androidx.appcompat.view.menu.ExpandedMenuView
androidx.room.SharedSQLiteStatement
androidx.room.MultiInstanceInvalidationClient$callback$1
com.google.android.material.carousel.CarouselLayoutManager
androidx.room.TypeConverters
dagger.hilt.internal.definecomponent.DefineComponentClasses
android.support.v4.app.RemoteActionCompatParcelizer
androidx.work.impl.background.systemalarm.RescheduleReceiver
androidx.room.DeleteTable$Entries
androidx.room.RoomDatabaseKt$startTransactionCoroutine$2$1$1
dagger.hilt.internal.GeneratedComponent
dagger.hilt.android.internal.modules.ActivityModule
androidx.coordinatorlayout.widget.CoordinatorLayout
com.google.android.material.appbar.MaterialToolbar
dagger.hilt.android.internal.lifecycle.HiltWrapper_DefaultViewModelFactories_ActivityModule
androidx.work.impl.utils.ForceStopRunnable$BroadcastReceiver
androidx.navigation.compose.BackStackEntryIdViewModel
androidx.room.OnConflictStrategy
androidx.room.AutoClosingRoomOpenHelper$AutoClosingSupportSQLiteDatabase$setLocale$1
dagger.hilt.android.internal.managers.FragmentComponentManager
dagger.hilt.processor.internal.definecomponent.codegen._dagger_hilt_android_components_ActivityComponent
dagger.hilt.android.internal.lifecycle.HiltViewModelFactory$ViewModelModule
androidx.room.AutoClosingRoomOpenHelper$AutoClosingSupportSqliteStatement$execute$1
dagger.hilt.android.internal.managers.ActivityRetainedComponentManager_LifecycleModule_ProvideActivityRetainedLifecycleFactory
dagger.hilt.internal.generatesrootinput.GeneratesRootInputPropagatedData
androidx.room.migration.MigrationKt
androidx.compose.foundation.BackgroundElement
dagger.hilt.processor.internal.definecomponent.codegen._dagger_hilt_android_internal_builders_FragmentComponentBuilder
dagger.hilt.internal.GeneratedComponentManagerHolder
androidx.compose.ui.draw.DrawWithCacheElement
androidx.room.CoroutinesRoom$Companion$execute$2
com.google.android.material.appbar.AppBarLayout$BaseBehavior
dagger.hilt.android.internal.managers.HiltWrapper_SavedStateHandleModule
androidx.room.AutoClosingRoomOpenHelper$KeepAliveCursor
androidx.room.DeleteColumn$Entries
dagger.hilt.android.internal.managers.ComponentSupplier
androidx.graphics.path.PathIteratorPreApi34Impl
androidx.work.impl.background.systemjob.SystemJobService
androidx.appcompat.widget.FitWindowsFrameLayout
com.google.android.material.internal.NavigationMenuItemView
dagger.hilt.android.internal.lifecycle.DefaultViewModelFactories_InternalFactoryFactory_Factory
androidx.room.AutoClosingRoomOpenHelper$AutoClosingSupportSQLiteDatabase$setForeignKeyConstraintsEnabled$1
androidx.compose.foundation.layout.UnspecifiedConstraintsElement