app/build/outputs/mapping/release/usage.txt
com.xaniihub.app.BuildConfig
com.xaniihub.app.DaggerXaniiHubApp_HiltComponents_SingletonC$ActivityCImpl$LazyClassKeyProvider:
    com.xaniihub.app.ui.onboarding.OnboardingViewModel com_xaniihub_app_ui_onboarding_OnboardingViewModel2
    com.xaniihub.app.ui.screen.achievements.AchievementsViewModel com_xaniihub_app_ui_screen_achievements_AchievementsViewModel2
    com.xaniihub.app.ui.screen.analytics.AnalyticsViewModel com_xaniihub_app_ui_screen_analytics_AnalyticsViewModel2
    com.xaniihub.app.ui.screen.goals.GoalsViewModel com_xaniihub_app_ui_screen_goals_GoalsViewModel2
    com.xaniihub.app.ui.screen.home.HomeViewModel com_xaniihub_app_ui_screen_home_HomeViewModel2
    com.xaniihub.app.ui.screen.profile.ProfileViewModel com_xaniihub_app_ui_screen_profile_ProfileViewModel2
    private void <init>()
com.xaniihub.app.DaggerXaniiHubApp_HiltComponents_SingletonC$ViewModelCImpl$LazyClassKeyProvider:
    com.xaniihub.app.ui.onboarding.OnboardingViewModel com_xaniihub_app_ui_onboarding_OnboardingViewModel2
    com.xaniihub.app.ui.screen.achievements.AchievementsViewModel com_xaniihub_app_ui_screen_achievements_AchievementsViewModel2
    com.xaniihub.app.ui.screen.analytics.AnalyticsViewModel com_xaniihub_app_ui_screen_analytics_AnalyticsViewModel2
    com.xaniihub.app.ui.screen.goals.GoalsViewModel com_xaniihub_app_ui_screen_goals_GoalsViewModel2
    com.xaniihub.app.ui.screen.home.HomeViewModel com_xaniihub_app_ui_screen_home_HomeViewModel2
    com.xaniihub.app.ui.screen.profile.ProfileViewModel com_xaniihub_app_ui_screen_profile_ProfileViewModel2
    private void <init>()
com.xaniihub.app.DaggerXaniiHubApp_HiltComponents_SingletonC:
    private void <init>()
com.xaniihub.app.Hilt_MainActivity:
    void <init>(int)
com.xaniihub.app.MainActivity:
    public static final int $stable
com.xaniihub.app.R$color
com.xaniihub.app.R$drawable:
    public static int bg_notification_dot
    public static int bg_notification_panel
    public static int bg_notification_ring
    public static int ic_launcher_foreground
    public static int ringwalk_logo
    public static int ringwalk_logo_foreground
    public static int widget_bg
    private void <init>()
com.xaniihub.app.R$id:
    private void <init>()
com.xaniihub.app.R$layout:
    public static int widget_steps
    private void <init>()
com.xaniihub.app.R$mipmap
com.xaniihub.app.R$string:
    public static int app_name
    public static int notification_calories_label
    public static int notification_distance_label
    public static int notification_minutes_label
    public static int notification_steps_label
    public static int tile_label
    public static int tracking_notification_channel
    public static int tracking_notification_title
    public static int widget_goal_default
    public static int widget_title
    public static int widget_zero
    private void <init>()
com.xaniihub.app.R$style
com.xaniihub.app.R$xml
com.xaniihub.app.R
com.xaniihub.app.XaniiHubApp:
    public final void setWorkerFactory(androidx.hilt.work.HiltWorkerFactory)
com.xaniihub.app.XaniiHubApp_ComponentTreeDeps
com.xaniihub.app.XaniiHubApp_HiltComponents$ActivityC$Builder
com.xaniihub.app.XaniiHubApp_HiltComponents$ActivityCBuilderModule
com.xaniihub.app.XaniiHubApp_HiltComponents$ActivityRetainedC$Builder
com.xaniihub.app.XaniiHubApp_HiltComponents$ActivityRetainedCBuilderModule
com.xaniihub.app.XaniiHubApp_HiltComponents$FragmentC$Builder
com.xaniihub.app.XaniiHubApp_HiltComponents$FragmentCBuilderModule
com.xaniihub.app.XaniiHubApp_HiltComponents$ServiceC$Builder
com.xaniihub.app.XaniiHubApp_HiltComponents$ServiceCBuilderModule
com.xaniihub.app.XaniiHubApp_HiltComponents$ViewC$Builder
com.xaniihub.app.XaniiHubApp_HiltComponents$ViewCBuilderModule
com.xaniihub.app.XaniiHubApp_HiltComponents$ViewModelC$Builder
com.xaniihub.app.XaniiHubApp_HiltComponents$ViewModelCBuilderModule
com.xaniihub.app.XaniiHubApp_HiltComponents$ViewWithFragmentC$Builder
...
androidx.compose.ui.platform.TextToolbarStatus
androidx.compose.ui.platform.ValueElementSequence
androidx.compose.ui.platform.ViewCompositionStrategy$Companion
androidx.compose.ui.platform.ViewCompositionStrategy$DisposeOnDetachedFromWindowOrReleasedFromPool$$InternalSyntheticLambda$1$83f5d4c50bd4fe4e26decc11b5ba62545054f3eaee66b9b166f93976d86ff5f1$0:
    public final synthetic androidx.compose.ui.platform.AbstractComposeView f$0
androidx.compose.ui.platform.ViewCompositionStrategy$DisposeOnDetachedFromWindowOrReleasedFromPool$installFor$1:
    public final void invoke()
androidx.compose.ui.platform.ViewCompositionStrategy$DisposeOnDetachedFromWindowOrReleasedFromPool:
    public static final androidx.compose.ui.platform.ViewCompositionStrategy$DisposeOnDetachedFromWindowOrReleasedFromPool INSTANCE
    static void <clinit>()
    public final androidx.compose.ui.platform.ViewCompositionStrategy$DisposeOnDetachedFromWindowOrReleasedFromPool$installFor$1 installFor(androidx.compose.ui.platform.AbstractComposeView)
androidx.compose.ui.platform.ViewCompositionStrategy:
    public static final androidx.compose.ui.platform.ViewCompositionStrategy$Companion Companion
    static void <clinit>()
    public abstract androidx.compose.ui.platform.ViewCompositionStrategy$DisposeOnDetachedFromWindowOrReleasedFromPool$installFor$1 installFor(androidx.compose.ui.platform.AbstractComposeView)
androidx.compose.ui.platform.ViewConfiguration:
    public abstract void getDoubleTapMinTimeMillis()
androidx.compose.ui.platform.ViewLayer$Companion$getMatrix$1:
    public static void invoke$76()
androidx.compose.ui.platform.ViewLayer$Companion:
    public static boolean getHasRetrievedMethod()
    public static boolean getShouldUseDispatchDraw()
    public static void setShouldUseDispatchDraw$ui_release()
androidx.compose.ui.platform.ViewLayer$UniqueDrawingIdApi29:
    public static final androidx.compose.ui.platform.ViewLayer$UniqueDrawingIdApi29 INSTANCE
    static void <clinit>()
androidx.compose.ui.platform.ViewLayer:
    public static final int $stable
    public static final androidx.compose.ui.platform.ViewLayer$Companion Companion
    public static final androidx.compose.ui.platform.ViewLayer$Companion$getMatrix$1 getMatrix
    public static boolean isInvalidated()
    public final void updateOutlineResolver()
androidx.compose.ui.platform.ViewLayerContainer:
    static void <clinit>()
androidx.compose.ui.platform.ViewRootForInspector
androidx.compose.ui.platform.ViewRootForTest$Companion
androidx.compose.ui.platform.ViewRootForTest
androidx.compose.ui.platform.WeakCache:
    public static final int $stable
    static void <clinit>()
    public final void clearWeakReferences()
    public static java.lang.Object pop()
    public static void push()
androidx.compose.ui.platform.WindowInfo:
    public abstract boolean isWindowFocused()
androidx.compose.ui.platform.WindowInfoImpl$Companion
androidx.compose.ui.platform.WindowInfoImpl:
    public static final androidx.compose.ui.platform.WindowInfoImpl$Companion Companion
    public static void setKeyboardModifiers-5xRPYO0(int)
    public final void setWindowFocused(boolean)
androidx.compose.ui.platform.WindowRecomposerFactory$Companion$$InternalSyntheticLambda$1$2f11968e524d41e965bab20e45def1fdefbf71427a80d34d36f1120ab0b82830$0:
    public final androidx.compose.runtime.Recomposer createRecomposer()
androidx.compose.ui.platform.WindowRecomposerFactory$Companion:
    public static final synthetic androidx.compose.ui.platform.WindowRecomposerFactory$Companion $$INSTANCE
    public static androidx.compose.ui.platform.WindowRecomposerFactory getLifecycleAware()
androidx.compose.ui.platform.WindowRecomposerFactory:
    public static final androidx.compose.ui.platform.WindowRecomposerFactory$Companion Companion
    static void <clinit>()
    public abstract androidx.compose.runtime.Recomposer createRecomposer()